<?xml version="1.0" encoding="UTF-8"?>
<!-- Generated by org.testng.reporters.JUnitXMLReporter -->
<testsuite hostname="IN1252698W1" ignored="0" name="Test" tests="4" failures="1" timestamp="2020-04-04T22:07:04 IST" time="78.939" errors="0">
  <testcase name="createLead" time="12.684" classname="org.leaftaps.testcases.TC002_CreateLead"/>
  <testcase name="editLead" time="22.98" classname="org.leaftaps.testcases.TC003_EditLead">
    <failure type="java.lang.NullPointerException">
      <![CDATA[java.lang.NullPointerException
at org.leaftaps.pages.OpenTapsCRMPage.updateCompanyName(OpenTapsCRMPage.java:11)
at org.leaftaps.testcases.TC003_EditLead.editLead(TC003_EditLead.java:28)
at sun.reflect.NativeMethodAccessorImpl.invoke0(Native Method)
at sun.reflect.NativeMethodAccessorImpl.invoke(Unknown Source)
at sun.reflect.DelegatingMethodAccessorImpl.invoke(Unknown Source)
at java.lang.reflect.Method.invoke(Unknown Source)
at org.testng.internal.MethodInvocationHelper.invokeMethod(MethodInvocationHelper.java:133)
at org.testng.internal.TestInvoker.invokeMethod(TestInvoker.java:584)
at org.testng.internal.TestInvoker.invokeTestMethod(TestInvoker.java:172)
at org.testng.internal.MethodRunner.runInSequence(MethodRunner.java:46)
at org.testng.internal.TestInvoker$MethodInvocationAgent.invoke(TestInvoker.java:804)
at org.testng.internal.TestInvoker.invokeTestMethods(TestInvoker.java:145)
at org.testng.internal.TestMethodWorker.invokeTestMethods(TestMethodWorker.java:146)
at org.testng.internal.TestMethodWorker.run(TestMethodWorker.java:128)
at java.util.concurrent.ThreadPoolExecutor.runWorker(Unknown Source)
at java.util.concurrent.ThreadPoolExecutor$Worker.run(Unknown Source)
at java.lang.Thread.run(Unknown Source)
]]>
    </failure>
  </testcase> <!-- editLead -->
  <testcase name="createLead" time="8.531" classname="org.leaftaps.testcases.TC002_CreateLead"/>
  <testcase name="createLead" time="14.957" classname="org.leaftaps.testcases.TC002_CreateLead"/>
</testsuite> <!-- Test -->
