<?xml version="1.0" encoding="UTF-8"?>
<testng-results skipped="0" failed="1" ignored="0" total="4" passed="3">
  <reporter-output>
  </reporter-output>
  <suite name="Suite" duration-ms="78939" started-at="2020-04-04T22:05:45 IST" finished-at="2020-04-04T22:07:04 IST">
    <groups>
    </groups>
    <test name="Test" duration-ms="78939" started-at="2020-04-04T22:05:45 IST" finished-at="2020-04-04T22:07:04 IST">
      <class name="org.leaftaps.testcases.TC002_CreateLead">
        <test-method status="PASS" signature="setData()[pri:0, instance:org.leaftaps.testcases.TC002_CreateLead@7f13d6e]" name="setData" is-config="true" duration-ms="31" started-at="2020-04-04T22:05:45 IST" finished-at="2020-04-04T22:05:45 IST">
          <reporter-output>
          </reporter-output>
        </test-method> <!-- setData -->
        <test-method status="PASS" signature="Login(java.lang.String)[pri:0, instance:org.leaftaps.testcases.TC002_CreateLead@7f13d6e]" name="Login" is-config="true" duration-ms="10865" started-at="2020-04-04T22:05:46 IST" finished-at="2020-04-04T22:05:56 IST">
          <params>
            <param index="0">
              <value>
                <![CDATA[http://leaftaps.com/opentaps]]>
              </value>
            </param>
          </params>
          <reporter-output>
          </reporter-output>
        </test-method> <!-- Login -->
        <test-method status="PASS" signature="createLead(java.lang.String, java.lang.String, java.lang.String, java.lang.String, java.lang.String, java.lang.String)[pri:0, instance:org.leaftaps.testcases.TC002_CreateLead@7f13d6e]" name="createLead" duration-ms="12684" started-at="2020-04-04T22:05:56 IST" data-provider="getData" finished-at="2020-04-04T22:06:09 IST">
          <params>
            <param index="0">
              <value>
                <![CDATA[Demosalesmanager]]>
              </value>
            </param>
            <param index="1">
              <value>
                <![CDATA[crmsfa]]>
              </value>
            </param>
            <param index="2">
              <value>
                <![CDATA[TestLeaf]]>
              </value>
            </param>
            <param index="3">
              <value>
                <![CDATA[Sharath]]>
              </value>
            </param>
            <param index="4">
              <value>
                <![CDATA[S]]>
              </value>
            </param>
            <param index="5">
              <value>
                <![CDATA[9912378396]]>
              </value>
            </param>
          </params>
          <reporter-output>
          </reporter-output>
        </test-method> <!-- createLead -->
        <test-method status="PASS" signature="Login(java.lang.String)[pri:0, instance:org.leaftaps.testcases.TC002_CreateLead@7f13d6e]" name="Login" is-config="true" duration-ms="23827" started-at="2020-04-04T22:06:09 IST" finished-at="2020-04-04T22:06:33 IST">
          <params>
            <param index="0">
              <value>
                <![CDATA[http://leaftaps.com/opentaps]]>
              </value>
            </param>
          </params>
          <reporter-output>
          </reporter-output>
        </test-method> <!-- Login -->
        <test-method status="PASS" signature="createLead(java.lang.String, java.lang.String, java.lang.String, java.lang.String, java.lang.String, java.lang.String)[pri:0, instance:org.leaftaps.testcases.TC002_CreateLead@7f13d6e]" name="createLead" duration-ms="8531" started-at="2020-04-04T22:06:33 IST" data-provider="getData" finished-at="2020-04-04T22:06:41 IST">
          <params>
            <param index="0">
              <value>
                <![CDATA[DemoCSR]]>
              </value>
            </param>
            <param index="1">
              <value>
                <![CDATA[crmsfa]]>
              </value>
            </param>
            <param index="2">
              <value>
                <![CDATA[TestLeaf1]]>
              </value>
            </param>
            <param index="3">
              <value>
                <![CDATA[Babu]]>
              </value>
            </param>
            <param index="4">
              <value>
                <![CDATA[M]]>
              </value>
            </param>
            <param index="5">
              <value>
                <![CDATA[1234569838]]>
              </value>
            </param>
          </params>
          <reporter-output>
          </reporter-output>
        </test-method> <!-- createLead -->
        <test-method status="PASS" signature="Login(java.lang.String)[pri:0, instance:org.leaftaps.testcases.TC002_CreateLead@7f13d6e]" name="Login" is-config="true" duration-ms="7305" started-at="2020-04-04T22:06:41 IST" finished-at="2020-04-04T22:06:49 IST">
          <params>
            <param index="0">
              <value>
                <![CDATA[http://leaftaps.com/opentaps]]>
              </value>
            </param>
          </params>
          <reporter-output>
          </reporter-output>
        </test-method> <!-- Login -->
        <test-method status="PASS" signature="createLead(java.lang.String, java.lang.String, java.lang.String, java.lang.String, java.lang.String, java.lang.String)[pri:0, instance:org.leaftaps.testcases.TC002_CreateLead@7f13d6e]" name="createLead" duration-ms="14957" started-at="2020-04-04T22:06:49 IST" data-provider="getData" finished-at="2020-04-04T22:07:04 IST">
          <params>
            <param index="0">
              <value>
                <![CDATA[Demosalesmanager]]>
              </value>
            </param>
            <param index="1">
              <value>
                <![CDATA[crmsfa]]>
              </value>
            </param>
            <param index="2">
              <value>
                <![CDATA[TestLeaf1]]>
              </value>
            </param>
            <param index="3">
              <value>
                <![CDATA[Srivani]]>
              </value>
            </param>
            <param index="4">
              <value>
                <![CDATA[CH]]>
              </value>
            </param>
            <param index="5">
              <value>
                <![CDATA[1123456789]]>
              </value>
            </param>
          </params>
          <reporter-output>
          </reporter-output>
        </test-method> <!-- createLead -->
      </class> <!-- org.leaftaps.testcases.TC002_CreateLead -->
      <class name="org.leaftaps.testcases.TC003_EditLead">
        <test-method status="PASS" signature="setData()[pri:0, instance:org.leaftaps.testcases.TC003_EditLead@51cdd8a]" name="setData" is-config="true" duration-ms="0" started-at="2020-04-04T22:05:45 IST" finished-at="2020-04-04T22:05:45 IST">
          <reporter-output>
          </reporter-output>
        </test-method> <!-- setData -->
        <test-method status="PASS" signature="Login(java.lang.String)[pri:0, instance:org.leaftaps.testcases.TC003_EditLead@51cdd8a]" name="Login" is-config="true" duration-ms="7991" started-at="2020-04-04T22:05:46 IST" finished-at="2020-04-04T22:05:54 IST">
          <params>
            <param index="0">
              <value>
                <![CDATA[http://leaftaps.com/opentaps]]>
              </value>
            </param>
          </params>
          <reporter-output>
          </reporter-output>
        </test-method> <!-- Login -->
        <test-method status="FAIL" signature="editLead(java.lang.String, java.lang.String, java.lang.String, java.lang.String)[pri:0, instance:org.leaftaps.testcases.TC003_EditLead@51cdd8a]" name="editLead" duration-ms="22980" started-at="2020-04-04T22:05:54 IST" data-provider="getData" finished-at="2020-04-04T22:06:17 IST">
          <params>
            <param index="0">
              <value>
                <![CDATA[Demosalesmanager]]>
              </value>
            </param>
            <param index="1">
              <value>
                <![CDATA[crmsfa]]>
              </value>
            </param>
            <param index="2">
              <value>
                <![CDATA[123456789]]>
              </value>
            </param>
            <param index="3">
              <value>
                <![CDATA[Hexaware]]>
              </value>
            </param>
          </params>
          <exception class="java.lang.NullPointerException">
            <full-stacktrace>
              <![CDATA[java.lang.NullPointerException
at org.leaftaps.pages.OpenTapsCRMPage.updateCompanyName(OpenTapsCRMPage.java:11)
at org.leaftaps.testcases.TC003_EditLead.editLead(TC003_EditLead.java:28)
at sun.reflect.NativeMethodAccessorImpl.invoke0(Native Method)
at sun.reflect.NativeMethodAccessorImpl.invoke(Unknown Source)
at sun.reflect.DelegatingMethodAccessorImpl.invoke(Unknown Source)
at java.lang.reflect.Method.invoke(Unknown Source)
at org.testng.internal.MethodInvocationHelper.invokeMethod(MethodInvocationHelper.java:133)
at org.testng.internal.TestInvoker.invokeMethod(TestInvoker.java:584)
at org.testng.internal.TestInvoker.invokeTestMethod(TestInvoker.java:172)
at org.testng.internal.MethodRunner.runInSequence(MethodRunner.java:46)
at org.testng.internal.TestInvoker$MethodInvocationAgent.invoke(TestInvoker.java:804)
at org.testng.internal.TestInvoker.invokeTestMethods(TestInvoker.java:145)
at org.testng.internal.TestMethodWorker.invokeTestMethods(TestMethodWorker.java:146)
at org.testng.internal.TestMethodWorker.run(TestMethodWorker.java:128)
at java.util.concurrent.ThreadPoolExecutor.runWorker(Unknown Source)
at java.util.concurrent.ThreadPoolExecutor$Worker.run(Unknown Source)
at java.lang.Thread.run(Unknown Source)
]]>
            </full-stacktrace>
          </exception> <!-- java.lang.NullPointerException -->
          <reporter-output>
          </reporter-output>
        </test-method> <!-- editLead -->
      </class> <!-- org.leaftaps.testcases.TC003_EditLead -->
    </test> <!-- Test -->
  </suite> <!-- Suite -->
</testng-results>
